[01:56:52.637 Info] - BuildManager - Build performance issue: compiler called to produce 'D:\-Programming-\C#\GitOpenSourceRepository\BionicCode.Net\BionicCode.Net\.vs\BionicCode.Net\v16\lut\0\i\BionicCode.Utilities.Net.Standard\Debug\netstandard2.0\BionicCode.Utilities.Net.Standard.dll' again after build already succeeded.
[01:56:59.187 Verbose] - BuildManager - SHFB(0,0): error BE0065: BUILD FAILED: You must specify at least one documentation source in the form of an assembly or a Visual Studio solution/project file
[01:56:59.193 Verbose] - BuildManager - Some of the file paths defined in the csproj under the Live Unit Testing build path are missing. Verify whether these files should be present under the Live Unit Testing build path and if necessary update the csproj definition to look these files up in a different place.
[01:56:59.193 Verbose] - BuildManager - Item _OutputPathItem 'D:\-Programming-\C#\GitOpenSourceRepository\BionicCode.Net\BionicCode.Net\.vs\BionicCode.Net\v16\lut\0\b\Documentation\' evaluated via:
_OutputPathItem: '$(OutDir)' @ C:\Program Files (x86)\Microsoft Visual Studio\2019\Enterprise\MSBuild\Current\Bin\Microsoft.Common.CurrentVersion.targets:272
  OutDir: 'D:\-Programming-\C#\GitOpenSourceRepository\BionicCode.Net\BionicCode.Net\.vs\BionicCode.Net\v16\lut\0\b\Documentation\' @ D:\-Programming-\C#\GitOpenSourceRepository\BionicCode.Net\BionicCode.Net\Documentation\Documentation.shfbproj:0
[01:56:59.193 Verbose] - BuildManager - Item AppConfigFileDestination 'D:\-Programming-\C#\GitOpenSourceRepository\BionicCode.Net\BionicCode.Net\.vs\BionicCode.Net\v16\lut\0\b\Documentation\Documentation.exe.config' evaluated via:
AppConfigFileDestination: '$(OutDir)$(TargetFileName).config' @ C:\Program Files (x86)\Microsoft Visual Studio\2019\Enterprise\MSBuild\Current\Bin\Microsoft.Common.CurrentVersion.targets:303
  OutDir: 'D:\-Programming-\C#\GitOpenSourceRepository\BionicCode.Net\BionicCode.Net\.vs\BionicCode.Net\v16\lut\0\b\Documentation\' @ D:\-Programming-\C#\GitOpenSourceRepository\BionicCode.Net\BionicCode.Net\Documentation\Documentation.shfbproj:0
  TargetFileName: '$(TargetName)$(TargetExt)' @ C:\Program Files (x86)\Microsoft Visual Studio\2019\Enterprise\MSBuild\Current\Bin\Microsoft.Common.CurrentVersion.targets:212
    TargetName: '$(AssemblyName)' @ C:\Program Files (x86)\Microsoft Visual Studio\2019\Enterprise\MSBuild\Current\Bin\Microsoft.Common.CurrentVersion.targets:204
      AssemblyName: 'Documentation' @ D:\-Programming-\C#\GitOpenSourceRepository\BionicCode.Net\BionicCode.Net\Documentation\Documentation.shfbproj:12
    TargetExt: '.exe' @ C:\Program Files (x86)\Microsoft Visual Studio\2019\Enterprise\MSBuild\Current\Bin\Microsoft.Common.CurrentVersion.targets:180
[01:56:59.193 Verbose] - BuildManager - Item _DebugSymbolsOutputPath 'D:\-Programming-\C#\GitOpenSourceRepository\BionicCode.Net\BionicCode.Net\.vs\BionicCode.Net\v16\lut\0\b\Documentation\Documentation.pdb' evaluated via:
_DebugSymbolsOutputPath: '@(_DebugSymbolsIntermediatePath->'$(OutDir)%(Filename)%(Extension)')' @ C:\Program Files (x86)\Microsoft Visual Studio\2019\Enterprise\MSBuild\Current\Bin\Microsoft.Common.CurrentVersion.targets:372
  OutDir: 'D:\-Programming-\C#\GitOpenSourceRepository\BionicCode.Net\BionicCode.Net\.vs\BionicCode.Net\v16\lut\0\b\Documentation\' @ D:\-Programming-\C#\GitOpenSourceRepository\BionicCode.Net\BionicCode.Net\Documentation\Documentation.shfbproj:0
[01:56:59.194 Verbose] - BuildManager - Item _ApplicationManifestFinal 'D:\-Programming-\C#\GitOpenSourceRepository\BionicCode.Net\BionicCode.Net\.vs\BionicCode.Net\v16\lut\0\b\Documentation\Documentation.exe.manifest' evaluated via:
_ApplicationManifestFinal: '$(OutDir)$(_DeploymentTargetApplicationManifestFileName)' @ C:\Program Files (x86)\Microsoft Visual Studio\2019\Enterprise\MSBuild\Current\Bin\Microsoft.Common.CurrentVersion.targets:410
  OutDir: 'D:\-Programming-\C#\GitOpenSourceRepository\BionicCode.Net\BionicCode.Net\.vs\BionicCode.Net\v16\lut\0\b\Documentation\' @ D:\-Programming-\C#\GitOpenSourceRepository\BionicCode.Net\BionicCode.Net\Documentation\Documentation.shfbproj:0
  _DeploymentTargetApplicationManifestFileName: '$(TargetFileName).manifest' @ C:\Program Files (x86)\Microsoft Visual Studio\2019\Enterprise\MSBuild\Current\Bin\Microsoft.Common.CurrentVersion.targets:232
    TargetFileName: '$(TargetName)$(TargetExt)' @ C:\Program Files (x86)\Microsoft Visual Studio\2019\Enterprise\MSBuild\Current\Bin\Microsoft.Common.CurrentVersion.targets:212
      TargetName: '$(AssemblyName)' @ C:\Program Files (x86)\Microsoft Visual Studio\2019\Enterprise\MSBuild\Current\Bin\Microsoft.Common.CurrentVersion.targets:204
        AssemblyName: 'Documentation' @ D:\-Programming-\C#\GitOpenSourceRepository\BionicCode.Net\BionicCode.Net\Documentation\Documentation.shfbproj:12
      TargetExt: '.exe' @ C:\Program Files (x86)\Microsoft Visual Studio\2019\Enterprise\MSBuild\Current\Bin\Microsoft.Common.CurrentVersion.targets:180
