<?xml version="1.0" encoding="utf-8"?>
<shfbBuild product="Sandcastle Help File Builder and Tools" version="2019.8.24.0" projectFile="D:\-Programming-\C#\GitOpenSourceRepository\BionicCode.Net\BionicCode.Net\Documentation\Documentation.shfbproj" started="24.06.2020 11:05:47">
<buildStep step="Initializing">
Finding tools...
The Sandcastle tools are located in &#39;C:\Program Files (x86)\EWSoftware\Sandcastle Help File Builder\&#39;
Locating components in the following folder(s):
    D:\-Programming-\C#\GitOpenSourceRepository\BionicCode.Net\BionicCode.Net\Documentation
    C:\ProgramData\EWSoftware\Sandcastle Help File Builder\Components and Plug-Ins\
    C:\Program Files (x86)\EWSoftware\Sandcastle Help File Builder\
Using framework reflection data for &#39;.NET Framework 4.8&#39; located in &#39;C:\Program Files (x86)\EWSoftware\Sandcastle Help File Builder\Data\.NETFramework&#39;
Using presentation style &#39;VS2013&#39; located in &#39;C:\Program Files (x86)\EWSoftware\Sandcastle Help File Builder\PresentationStyles\VS2013&#39;
Loading and initializing plug-ins...
Lightweight Website Style Version 2019.8.24.0
Copyright &#169; 2006-2019, Eric Woodruff, All Rights Reserved
Portions Copyright &#169; 2014, Sam Harwell, All Rights Reserved
</buildStep>
<buildStep step="ClearWorkFolder">
Clearing working folder...
-------------------------------
Clearing any prior web/markdown output...
</buildStep>
<buildStep step="ValidatingDocumentationSources">
Validating and copying documentation source information
Source: D:\-Programming-\C#\GitOpenSourceRepository\BionicCode.Net\BionicCode.Net\BionicCode.BionicUtilities.Net.Standard\BionicCode.BionicUtilities.Net.Standard.csproj
SHFB: Warning BE0006: Unable to locate any documentation sources for &#39;D:\-Programming-\C#\GitOpenSourceRepository\BionicCode.Net\BionicCode.Net\BionicCode.BionicUtilities.Net.Standard\BionicCode.BionicUtilities.Net.Standard.csproj&#39; (Configuration: Debug Platform: AnyCPU)
    Last step completed in 00:00:00,0640
</buildStep>
<buildStep step="Failed">

SHFB: Error BE0065: BUILD FAILED: You must specify at least one documentation source in the form of an assembly or a Visual Studio solution/project file
   at SandcastleBuilder.Utils.BuildEngine.BuildProcess.ValidateDocumentationSources()
   at SandcastleBuilder.Utils.BuildEngine.BuildProcess.Build()

</buildStep>
</shfbBuild>
